<?xml version="1.0" encoding="UTF-8"?>
<!-- Generated by org.testng.reporters.JUnitReportReporter -->
<testsuite skipped="0" hostname="DESKTOP-6LJ2661" name="com.demo.extentreports.Reporting" tests="1" failures="0" timestamp="10 Nov 2019 04:32:57 GMT" time="2.216" errors="0">
  <testcase name="loginTest" time="2.216" classname="com.demo.extentreports.Reporting"/>
</testsuite> <!-- com.demo.extentreports.Reporting -->
